<?xml version="1.0" encoding="UTF-8"?>
<!-- Generated by org.testng.reporters.JUnitReportReporter -->
<testsuite skipped="0" hostname="DESKTOP-6G7JL2O" name="scripts.Testcase7" tests="1" failures="0" timestamp="25 Jun 2018 10:28:18 GMT" time="43.112" errors="0">
  <testcase name="updatequal" time="43.112" classname="scripts.Testcase7"/>
</testsuite> <!-- scripts.Testcase7 -->
