<?xml version="1.0" encoding="UTF-8"?>
<!-- Generated by org.testng.reporters.JUnitReportReporter -->
<testsuite skipped="0" hostname="DESKTOP-6G7JL2O" name="scripts.Updatequalification" tests="1" failures="0" timestamp="25 Jun 2018 07:57:56 GMT" time="40.402" errors="0">
  <testcase name="updatequal" time="40.402" classname="scripts.Updatequalification"/>
</testsuite> <!-- scripts.Updatequalification -->
