<?xml version="1.0" encoding="UTF-8"?>
<!-- Generated by org.testng.reporters.JUnitReportReporter -->
<testsuite skipped="0" hostname="DESKTOP-6G7JL2O" name="scripts.Updateprsnlinfo" tests="1" failures="0" timestamp="25 Jun 2018 07:57:56 GMT" time="109.989" errors="0">
  <testcase name="updateinfo" time="109.989" classname="scripts.Updateprsnlinfo"/>
</testsuite> <!-- scripts.Updateprsnlinfo -->
