<?xml version="1.0" encoding="UTF-8"?>
<!-- Generated by org.testng.reporters.JUnitReportReporter -->
<testsuite skipped="0" hostname="DESKTOP-6G7JL2O" name="scripts.ForgotPassword" tests="1" failures="0" timestamp="25 Jun 2018 10:02:18 GMT" time="22.544" errors="0">
  <testcase name="forgotpass" time="22.544" classname="scripts.ForgotPassword"/>
</testsuite> <!-- scripts.ForgotPassword -->
