<?xml version="1.0" encoding="UTF-8"?>
<!-- Generated by org.testng.reporters.JUnitReportReporter -->
<testsuite skipped="0" hostname="DESKTOP-6G7JL2O" name="scripts.Testcase5" tests="1" failures="0" timestamp="25 Jun 2018 10:28:18 GMT" time="40.549" errors="0">
  <testcase name="remove_skill" time="40.549" classname="scripts.Testcase5"/>
</testsuite> <!-- scripts.Testcase5 -->
