<?xml version="1.0" encoding="UTF-8"?>
<!-- Generated by org.testng.reporters.JUnitReportReporter -->
<testsuite skipped="0" hostname="DESKTOP-6G7JL2O" name="scripts.Testcase8" tests="1" failures="0" timestamp="25 Jun 2018 10:28:18 GMT" time="50.623" errors="0">
  <testcase name="uploadresume" time="50.623" classname="scripts.Testcase8"/>
</testsuite> <!-- scripts.Testcase8 -->
