<?xml version="1.0" encoding="UTF-8"?>
<!-- Generated by org.testng.reporters.JUnitReportReporter -->
<testsuite skipped="0" hostname="DESKTOP-6G7JL2O" name="scripts.AddCertification" tests="1" failures="0" timestamp="22 Jun 2018 09:09:38 GMT" time="63.223" errors="0">
  <testcase name="adcertification" time="63.223" classname="scripts.AddCertification"/>
</testsuite> <!-- scripts.AddCertification -->
