<?xml version="1.0" encoding="UTF-8"?>
<!-- Generated by org.testng.reporters.JUnitReportReporter -->
<testsuite skipped="0" hostname="DESKTOP-6G7JL2O" name="scripts.Testcase6" tests="1" failures="0" timestamp="25 Jun 2018 10:28:18 GMT" time="70.335" errors="0">
  <testcase name="updateinfo" time="70.335" classname="scripts.Testcase6"/>
</testsuite> <!-- scripts.Testcase6 -->
