<?xml version="1.0" encoding="UTF-8"?>
<!-- Generated by org.testng.reporters.JUnitReportReporter -->
<testsuite skipped="0" hostname="DESKTOP-6G7JL2O" name="scripts.UploadSkills" tests="1" failures="0" timestamp="25 Jun 2018 09:55:55 GMT" time="54.856" errors="0">
  <testcase name="uploadskill" time="54.856" classname="scripts.UploadSkills"/>
</testsuite> <!-- scripts.UploadSkills -->
