<?xml version="1.0" encoding="UTF-8"?>
<!-- Generated by org.testng.reporters.JUnitReportReporter -->
<testsuite skipped="0" hostname="DESKTOP-6G7JL2O" name="scripts.UploadRes" tests="1" failures="0" timestamp="25 Jun 2018 07:59:26 GMT" time="47.357" errors="0">
  <testcase name="uploadresume" time="47.357" classname="scripts.UploadRes"/>
</testsuite> <!-- scripts.UploadRes -->
