<?xml version="1.0" encoding="UTF-8"?>
<!-- Generated by org.testng.reporters.JUnitReportReporter -->
<testsuite skipped="0" hostname="DESKTOP-6G7JL2O" name="scripts.CreateJobAlert" tests="1" failures="0" timestamp="20 Jun 2018 08:59:08 GMT" time="41.314" errors="0">
  <testcase name="CreateAlert" time="41.314" classname="scripts.CreateJobAlert"/>
</testsuite> <!-- scripts.CreateJobAlert -->
