<?xml version="1.0" encoding="UTF-8"?>
<!-- Generated by org.testng.reporters.JUnitReportReporter -->
<testsuite skipped="0" hostname="DESKTOP-6G7JL2O" name="scripts.Changepassword" tests="1" failures="0" timestamp="22 Jun 2018 16:42:35 GMT" time="77.759" errors="0">
  <testcase name="CreateAlert" time="77.759" classname="scripts.Changepassword"/>
</testsuite> <!-- scripts.Changepassword -->
