<?xml version="1.0" encoding="UTF-8"?>
<!-- Generated by org.testng.reporters.JUnitReportReporter -->
<testsuite skipped="0" hostname="DESKTOP-6G7JL2O" name="scripts.Testcase2" tests="1" failures="0" timestamp="25 Jun 2018 10:28:18 GMT" time="34.834" errors="0">
  <testcase name="forgotpass" time="34.834" classname="scripts.Testcase2"/>
</testsuite> <!-- scripts.Testcase2 -->
