<?xml version="1.0" encoding="UTF-8"?>
<!-- Generated by org.testng.reporters.JUnitReportReporter -->
<testsuite skipped="0" hostname="DESKTOP-6G7JL2O" name="scripts.Login_Logout" tests="1" failures="0" timestamp="22 Jun 2018 09:04:33 GMT" time="27.819" errors="0">
  <testcase name="login" time="27.819" classname="scripts.Login_Logout"/>
</testsuite> <!-- scripts.Login_Logout -->
