<?xml version="1.0" encoding="UTF-8"?>
<!-- Generated by org.testng.reporters.JUnitReportReporter -->
<testsuite skipped="0" hostname="DESKTOP-6G7JL2O" name="scripts.Remove_skills" tests="1" failures="0" timestamp="25 Jun 2018 09:55:55 GMT" time="44.977" errors="0">
  <testcase name="remove_skill" time="44.977" classname="scripts.Remove_skills"/>
</testsuite> <!-- scripts.Remove_skills -->
