<?xml version="1.0" encoding="UTF-8"?>
<!-- Generated by org.testng.reporters.JUnitReportReporter -->
<testsuite skipped="0" hostname="DESKTOP-6G7JL2O" name="scripts.Testscript10" tests="1" failures="0" timestamp="25 Jun 2018 10:28:18 GMT" time="60.487" errors="0">
  <testcase name="CreateAlert" time="60.487" classname="scripts.Testscript10"/>
</testsuite> <!-- scripts.Testscript10 -->
